2026-02-11 13:19:20,675 [INFO] ============================================================
2026-02-11 13:19:20,676 [INFO] Rajasthan Jain Sabha - Full Website Scraper
2026-02-11 13:19:20,676 [INFO] Output directory: C:\xampp\htdocs\temple\scraper\downloads
2026-02-11 13:19:20,676 [INFO] Delay between requests: 1.5s
2026-02-11 13:19:20,677 [INFO] ============================================================
2026-02-11 13:19:20,678 [INFO] ============================================================
2026-02-11 13:19:20,678 [INFO] SCRAPING: Homepage
2026-02-11 13:19:25,640 [INFO] Saved C:\xampp\htdocs\temple\scraper\downloads\homepage.json (object records)
2026-02-11 13:19:25,642 [INFO] ============================================================
2026-02-11 13:19:25,644 [INFO] SCRAPING: Static Pages
2026-02-11 13:19:27,901 [INFO]   Scraped: about (0 chars)
2026-02-11 13:19:29,521 [INFO]   Scraped: history (51 chars)
2026-02-11 13:19:31,104 [INFO]   Scraped: contact (198 chars)
2026-02-11 13:19:32,985 [INFO]   Scraped: privacy_policy (0 chars)
2026-02-11 13:19:34,889 [INFO]   Scraped: terms (0 chars)
2026-02-11 13:19:36,568 [INFO]   Scraped: health_medical (99 chars)
2026-02-11 13:19:38,172 [INFO]   Scraped: education_scholarship (99 chars)
2026-02-11 13:19:39,783 [INFO]   Scraped: donation_pension (99 chars)
2026-02-11 13:19:39,787 [INFO] Saved C:\xampp\htdocs\temple\scraper\downloads\static_pages.json (object records)
2026-02-11 13:19:39,792 [INFO] ============================================================
2026-02-11 13:19:39,793 [INFO] SCRAPING: Executive Members
2026-02-11 13:19:42,136 [INFO] Saved C:\xampp\htdocs\temple\scraper\downloads\executive_members.json (23 records)
2026-02-11 13:19:42,143 [INFO] ============================================================
2026-02-11 13:19:42,144 [INFO] SCRAPING: Temples
2026-02-11 13:19:46,318 [INFO]   Temples page 2/4
2026-02-11 13:19:48,028 [INFO]   Temples page 3/4
2026-02-11 13:19:49,683 [INFO]   Temples page 4/4
2026-02-11 13:19:49,694 [INFO] Saved C:\xampp\htdocs\temple\scraper\downloads\temples.json (173 records)
2026-02-11 13:19:49,699 [INFO] ============================================================
2026-02-11 13:19:49,711 [INFO] SCRAPING: Maharaj & Mataji
2026-02-11 13:19:53,546 [INFO]   Maharaj page 2/2
2026-02-11 13:19:53,551 [INFO] Saved C:\xampp\htdocs\temple\scraper\downloads\maharaj_mataji.json (18 records)
2026-02-11 13:19:53,553 [INFO] ============================================================
2026-02-11 13:19:53,554 [INFO] SCRAPING: Yellow Pages
2026-02-11 13:19:55,838 [INFO] Saved C:\xampp\htdocs\temple\scraper\downloads\yellow_pages.json (4 records)
2026-02-11 13:19:55,842 [INFO] ============================================================
2026-02-11 13:19:55,843 [INFO] SCRAPING: Programs (upcoming)
2026-02-11 13:19:58,033 [INFO] Saved C:\xampp\htdocs\temple\scraper\downloads\programs_upcoming.json (0 records)
2026-02-11 13:19:58,036 [INFO] ============================================================
2026-02-11 13:19:58,038 [INFO] SCRAPING: Programs (recent)
2026-02-11 13:20:00,312 [INFO] Saved C:\xampp\htdocs\temple\scraper\downloads\programs_recent.json (0 records)
2026-02-11 13:20:00,314 [INFO] ============================================================
2026-02-11 13:20:00,314 [INFO] SCRAPING: Programs (previous)
2026-02-11 13:20:02,484 [INFO] Saved C:\xampp\htdocs\temple\scraper\downloads\programs_previous.json (3 records)
2026-02-11 13:20:02,487 [INFO] ============================================================
2026-02-11 13:20:02,487 [INFO] SCRAPING: News
2026-02-11 13:20:04,666 [INFO] Saved C:\xampp\htdocs\temple\scraper\downloads\news.json (0 records)
2026-02-11 13:20:04,670 [INFO] ============================================================
2026-02-11 13:20:04,671 [INFO] SCRAPING: Jobs
2026-02-11 13:20:06,872 [INFO] Saved C:\xampp\htdocs\temple\scraper\downloads\jobs.json (0 records)
2026-02-11 13:20:06,874 [INFO] ============================================================
2026-02-11 13:20:06,875 [INFO] SCRAPING: Dharmshala
2026-02-11 13:20:09,256 [INFO] Saved C:\xampp\htdocs\temple\scraper\downloads\dharmshala.json (0 records)
2026-02-11 13:20:09,258 [INFO] ============================================================
2026-02-11 13:20:09,259 [INFO] SCRAPING: Tiye Ki Bethak
2026-02-11 13:20:11,470 [INFO] Saved C:\xampp\htdocs\temple\scraper\downloads\tiye_ki_bethak.json (0 records)
2026-02-11 13:20:11,472 [INFO] ============================================================
2026-02-11 13:20:11,472 [INFO] SCRAPING: Gallery
2026-02-11 13:20:15,226 [INFO]   Gallery page 2/10
2026-02-11 13:20:16,811 [INFO]   Gallery page 3/10
2026-02-11 13:20:18,387 [INFO]   Gallery page 4/10
2026-02-11 13:20:19,967 [INFO]   Gallery page 5/10
2026-02-11 13:20:21,575 [INFO]   Gallery page 6/10
2026-02-11 13:20:23,149 [INFO]   Gallery page 7/10
2026-02-11 13:20:24,740 [INFO]   Gallery page 8/10
2026-02-11 13:20:26,341 [INFO]   Gallery page 9/10
2026-02-11 13:20:27,898 [INFO]   Gallery page 10/10
2026-02-11 13:25:03,084 [INFO] Saved C:\xampp\htdocs\temple\scraper\downloads\gallery.json (119 records)
2026-02-11 13:25:03,089 [INFO] ============================================================
2026-02-11 13:25:03,089 [INFO] SCRAPING: Lifetime Members
2026-02-11 13:25:06,949 [INFO] Members: 856 pages detected
2026-02-11 13:25:07,011 [INFO]   Page 1/856: 40 members (total: 40)
2026-02-11 13:25:09,612 [INFO]   Page 2/856: 40 members (total: 80)
2026-02-11 13:25:12,477 [INFO]   Page 3/856: 40 members (total: 120)
2026-02-11 13:25:15,190 [INFO]   Page 4/856: 40 members (total: 160)
2026-02-11 13:25:18,197 [INFO]   Page 5/856: 40 members (total: 200)
2026-02-11 13:25:21,405 [INFO]   Page 6/856: 40 members (total: 240)
2026-02-11 13:25:24,412 [INFO]   Page 7/856: 40 members (total: 280)
2026-02-11 13:25:27,553 [INFO]   Page 8/856: 40 members (total: 320)
2026-02-11 13:25:30,644 [INFO]   Page 9/856: 40 members (total: 360)
2026-02-11 13:25:33,456 [INFO]   Page 10/856: 40 members (total: 400)
2026-02-11 13:25:36,588 [INFO]   Page 11/856: 40 members (total: 440)
2026-02-11 13:25:39,284 [INFO]   Page 12/856: 40 members (total: 480)
2026-02-11 13:25:42,495 [INFO]   Page 13/856: 40 members (total: 520)
2026-02-11 13:25:45,866 [INFO]   Page 14/856: 40 members (total: 560)
2026-02-11 13:25:48,861 [INFO]   Page 15/856: 40 members (total: 600)
2026-02-11 13:25:51,830 [INFO]   Page 16/856: 40 members (total: 640)
2026-02-11 13:25:54,518 [INFO]   Page 17/856: 40 members (total: 680)
2026-02-11 13:25:57,328 [INFO]   Page 18/856: 40 members (total: 720)
2026-02-11 13:25:59,986 [INFO]   Page 19/856: 40 members (total: 760)
2026-02-11 13:26:02,951 [INFO]   Page 20/856: 40 members (total: 800)
2026-02-11 13:26:05,651 [INFO]   Page 21/856: 40 members (total: 840)
2026-02-11 13:26:08,359 [INFO]   Page 22/856: 40 members (total: 880)
2026-02-11 13:26:11,149 [INFO]   Page 23/856: 40 members (total: 920)
2026-02-11 13:26:13,842 [INFO]   Page 24/856: 40 members (total: 960)
2026-02-11 13:26:16,430 [INFO]   Page 25/856: 40 members (total: 1000)
2026-02-11 13:26:19,219 [INFO]   Page 26/856: 40 members (total: 1040)
2026-02-11 13:26:21,813 [INFO]   Page 27/856: 40 members (total: 1080)
2026-02-11 13:26:24,601 [INFO]   Page 28/856: 40 members (total: 1120)
2026-02-11 13:26:27,325 [INFO]   Page 29/856: 40 members (total: 1160)
2026-02-11 13:26:29,970 [INFO]   Page 30/856: 40 members (total: 1200)
2026-02-11 13:26:33,318 [INFO]   Page 31/856: 40 members (total: 1240)
2026-02-11 13:26:36,312 [INFO]   Page 32/856: 40 members (total: 1280)
2026-02-11 13:26:39,695 [INFO]   Page 33/856: 40 members (total: 1320)
2026-02-11 13:26:42,401 [INFO]   Page 34/856: 40 members (total: 1360)
2026-02-11 13:26:45,230 [INFO]   Page 35/856: 40 members (total: 1400)
2026-02-11 13:26:47,915 [INFO]   Page 36/856: 40 members (total: 1440)
2026-02-11 13:26:51,089 [INFO]   Page 37/856: 40 members (total: 1480)
2026-02-11 13:26:54,056 [INFO]   Page 38/856: 40 members (total: 1520)
2026-02-11 13:26:56,749 [INFO]   Page 39/856: 40 members (total: 1560)
2026-02-11 13:26:59,514 [INFO]   Page 40/856: 40 members (total: 1600)
2026-02-11 13:27:02,158 [INFO]   Page 41/856: 40 members (total: 1640)
2026-02-11 13:27:05,337 [INFO]   Page 42/856: 40 members (total: 1680)
2026-02-11 13:27:08,444 [INFO]   Page 43/856: 40 members (total: 1720)
2026-02-11 13:27:11,388 [INFO]   Page 44/856: 40 members (total: 1760)
2026-02-11 13:27:14,087 [INFO]   Page 45/856: 40 members (total: 1800)
2026-02-11 13:27:16,987 [INFO]   Page 46/856: 40 members (total: 1840)
2026-02-11 13:27:20,223 [INFO]   Page 47/856: 40 members (total: 1880)
2026-02-11 13:27:23,180 [INFO]   Page 48/856: 40 members (total: 1920)
2026-02-11 13:27:25,797 [INFO]   Page 49/856: 40 members (total: 1960)
2026-02-11 13:27:28,502 [INFO] Saved C:\xampp\htdocs\temple\scraper\downloads\members_partial.json (1960 records)
2026-02-11 13:27:28,563 [INFO]   Page 50/856: 40 members (total: 2000)
2026-02-11 13:27:31,700 [INFO]   Page 51/856: 40 members (total: 2040)
2026-02-11 13:27:34,593 [INFO]   Page 52/856: 40 members (total: 2080)
2026-02-11 13:27:37,721 [INFO]   Page 53/856: 40 members (total: 2120)
2026-02-11 13:27:40,608 [INFO]   Page 54/856: 40 members (total: 2160)
2026-02-11 13:27:43,346 [INFO]   Page 55/856: 40 members (total: 2200)
2026-02-11 13:27:47,149 [INFO]   Page 56/856: 40 members (total: 2240)
2026-02-11 13:27:50,380 [INFO]   Page 57/856: 40 members (total: 2280)
2026-02-11 13:27:54,422 [INFO]   Page 58/856: 40 members (total: 2320)
2026-02-11 13:27:57,177 [INFO]   Page 59/856: 40 members (total: 2360)
2026-02-11 13:28:00,600 [INFO]   Page 60/856: 40 members (total: 2400)
2026-02-11 13:28:04,258 [INFO]   Page 61/856: 40 members (total: 2440)
2026-02-11 13:28:07,770 [INFO]   Page 62/856: 40 members (total: 2480)
2026-02-11 13:28:10,910 [INFO]   Page 63/856: 40 members (total: 2520)
2026-02-11 13:28:14,716 [INFO]   Page 64/856: 40 members (total: 2560)
2026-02-11 13:28:18,315 [INFO]   Page 65/856: 40 members (total: 2600)
2026-02-11 13:28:21,352 [INFO]   Page 66/856: 40 members (total: 2640)
2026-02-11 13:28:24,177 [INFO]   Page 67/856: 40 members (total: 2680)
2026-02-11 13:28:27,032 [INFO]   Page 68/856: 40 members (total: 2720)
2026-02-11 13:28:30,193 [INFO]   Page 69/856: 40 members (total: 2760)
2026-02-11 13:28:33,317 [INFO]   Page 70/856: 40 members (total: 2800)
2026-02-11 13:28:36,526 [INFO]   Page 71/856: 40 members (total: 2840)
2026-02-11 13:28:39,164 [INFO]   Page 72/856: 40 members (total: 2880)
2026-02-11 13:28:42,557 [INFO]   Page 73/856: 40 members (total: 2920)
2026-02-11 13:28:45,261 [INFO]   Page 74/856: 40 members (total: 2960)
2026-02-11 13:28:48,734 [INFO]   Page 75/856: 40 members (total: 3000)
2026-02-11 13:28:52,075 [INFO]   Page 76/856: 40 members (total: 3040)
2026-02-11 13:28:54,960 [INFO]   Page 77/856: 40 members (total: 3080)
2026-02-11 13:28:57,696 [INFO]   Page 78/856: 40 members (total: 3120)
2026-02-11 13:29:00,442 [INFO]   Page 79/856: 40 members (total: 3160)
2026-02-11 13:29:03,381 [INFO]   Page 80/856: 40 members (total: 3200)
2026-02-11 13:29:06,288 [INFO]   Page 81/856: 40 members (total: 3240)
2026-02-11 13:29:09,192 [INFO]   Page 82/856: 40 members (total: 3280)
2026-02-11 13:29:12,092 [INFO]   Page 83/856: 40 members (total: 3320)
2026-02-11 13:29:15,408 [INFO]   Page 84/856: 40 members (total: 3360)
2026-02-11 13:29:18,022 [INFO]   Page 85/856: 40 members (total: 3400)
2026-02-11 13:29:21,676 [INFO]   Page 86/856: 40 members (total: 3440)
2026-02-11 13:29:24,756 [INFO]   Page 87/856: 40 members (total: 3480)
2026-02-11 13:29:27,432 [INFO]   Page 88/856: 40 members (total: 3520)
2026-02-11 13:29:31,068 [INFO]   Page 89/856: 40 members (total: 3560)
2026-02-11 13:29:33,758 [INFO]   Page 90/856: 40 members (total: 3600)
2026-02-11 13:29:36,485 [INFO]   Page 91/856: 40 members (total: 3640)
2026-02-11 13:29:39,767 [INFO]   Page 92/856: 40 members (total: 3680)
2026-02-11 13:29:42,343 [INFO]   Page 93/856: 40 members (total: 3720)
2026-02-11 13:29:45,765 [INFO]   Page 94/856: 40 members (total: 3760)
2026-02-11 13:29:49,158 [INFO]   Page 95/856: 40 members (total: 3800)
2026-02-11 13:29:52,521 [INFO]   Page 96/856: 40 members (total: 3840)
2026-02-11 13:29:55,630 [INFO]   Page 97/856: 40 members (total: 3880)
2026-02-11 13:29:58,527 [INFO]   Page 98/856: 40 members (total: 3920)
2026-02-11 13:30:01,457 [INFO]   Page 99/856: 40 members (total: 3960)
2026-02-11 13:30:04,112 [INFO] Saved C:\xampp\htdocs\temple\scraper\downloads\members_partial.json (3960 records)
2026-02-11 13:30:04,173 [INFO]   Page 100/856: 40 members (total: 4000)
2026-02-11 13:30:06,921 [INFO]   Page 101/856: 40 members (total: 4040)
2026-02-11 13:30:09,983 [INFO]   Page 102/856: 40 members (total: 4080)
2026-02-11 13:30:13,154 [INFO]   Page 103/856: 40 members (total: 4120)
2026-02-11 13:30:15,867 [INFO]   Page 104/856: 40 members (total: 4160)
2026-02-11 13:30:18,467 [INFO]   Page 105/856: 40 members (total: 4200)
2026-02-11 13:30:21,494 [INFO]   Page 106/856: 40 members (total: 4240)
2026-02-11 13:30:24,548 [INFO]   Page 107/856: 40 members (total: 4280)
2026-02-11 13:30:28,062 [INFO]   Page 108/856: 40 members (total: 4320)
2026-02-11 13:30:30,759 [INFO]   Page 109/856: 40 members (total: 4360)
2026-02-11 13:30:34,038 [INFO]   Page 110/856: 40 members (total: 4400)
2026-02-11 13:30:36,921 [INFO]   Page 111/856: 40 members (total: 4440)
2026-02-11 13:30:39,612 [INFO]   Page 112/856: 40 members (total: 4480)
2026-02-11 13:30:42,248 [INFO]   Page 113/856: 40 members (total: 4520)
2026-02-11 13:30:44,835 [INFO]   Page 114/856: 40 members (total: 4560)
2026-02-11 13:30:47,510 [INFO]   Page 115/856: 40 members (total: 4600)
2026-02-11 13:30:50,433 [INFO]   Page 116/856: 40 members (total: 4640)
2026-02-11 13:30:54,115 [INFO]   Page 117/856: 40 members (total: 4680)
2026-02-11 13:30:57,318 [INFO]   Page 118/856: 40 members (total: 4720)
2026-02-11 13:31:00,376 [INFO]   Page 119/856: 40 members (total: 4760)
2026-02-11 13:31:03,125 [INFO]   Page 120/856: 40 members (total: 4800)
2026-02-11 13:31:06,006 [INFO]   Page 121/856: 40 members (total: 4840)
2026-02-11 13:31:09,144 [INFO]   Page 122/856: 40 members (total: 4880)
2026-02-11 13:31:11,841 [INFO]   Page 123/856: 40 members (total: 4920)
2026-02-11 13:31:14,700 [INFO]   Page 124/856: 40 members (total: 4960)
2026-02-11 13:31:17,312 [INFO]   Page 125/856: 40 members (total: 5000)
2026-02-11 13:31:20,684 [INFO]   Page 126/856: 40 members (total: 5040)
2026-02-11 13:31:23,444 [INFO]   Page 127/856: 40 members (total: 5080)
2026-02-11 13:31:26,165 [INFO]   Page 128/856: 40 members (total: 5120)
2026-02-11 13:31:28,723 [INFO]   Page 129/856: 40 members (total: 5160)
2026-02-11 13:31:31,631 [INFO]   Page 130/856: 40 members (total: 5200)
2026-02-11 13:31:34,214 [INFO]   Page 131/856: 40 members (total: 5240)
2026-02-11 13:31:36,824 [INFO]   Page 132/856: 40 members (total: 5280)
2026-02-11 13:31:39,485 [INFO]   Page 133/856: 40 members (total: 5320)
2026-02-11 13:31:42,256 [INFO]   Page 134/856: 40 members (total: 5360)
2026-02-11 13:31:45,040 [INFO]   Page 135/856: 40 members (total: 5400)
2026-02-11 13:31:48,278 [INFO]   Page 136/856: 40 members (total: 5440)
2026-02-11 13:31:50,955 [INFO]   Page 137/856: 40 members (total: 5480)
2026-02-11 13:31:53,691 [INFO]   Page 138/856: 40 members (total: 5520)
2026-02-11 13:31:56,838 [INFO]   Page 139/856: 40 members (total: 5560)
2026-02-11 13:31:59,475 [INFO]   Page 140/856: 40 members (total: 5600)
2026-02-11 13:32:02,484 [INFO]   Page 141/856: 40 members (total: 5640)
2026-02-11 13:32:05,232 [INFO]   Page 142/856: 40 members (total: 5680)
2026-02-11 13:32:08,355 [INFO]   Page 143/856: 40 members (total: 5720)
2026-02-11 13:32:11,586 [INFO]   Page 144/856: 40 members (total: 5760)
2026-02-11 13:32:14,151 [INFO]   Page 145/856: 40 members (total: 5800)
2026-02-11 13:32:16,801 [INFO]   Page 146/856: 40 members (total: 5840)
2026-02-11 13:32:19,799 [INFO]   Page 147/856: 40 members (total: 5880)
2026-02-11 13:32:22,434 [INFO]   Page 148/856: 40 members (total: 5920)
2026-02-11 13:32:25,339 [INFO]   Page 149/856: 40 members (total: 5960)
2026-02-11 13:32:28,408 [INFO] Saved C:\xampp\htdocs\temple\scraper\downloads\members_partial.json (5960 records)
2026-02-11 13:32:28,478 [INFO]   Page 150/856: 40 members (total: 6000)
2026-02-11 13:32:32,002 [INFO]   Page 151/856: 40 members (total: 6040)
2026-02-11 13:32:34,695 [INFO]   Page 152/856: 40 members (total: 6080)
2026-02-11 13:32:37,751 [INFO]   Page 153/856: 40 members (total: 6120)
2026-02-11 13:32:40,555 [INFO]   Page 154/856: 40 members (total: 6160)
2026-02-11 13:32:44,039 [INFO]   Page 155/856: 40 members (total: 6200)
2026-02-11 13:32:47,001 [INFO]   Page 156/856: 40 members (total: 6240)
2026-02-11 13:32:50,222 [INFO]   Page 157/856: 40 members (total: 6280)
2026-02-11 13:32:53,838 [INFO]   Page 158/856: 40 members (total: 6320)
2026-02-11 13:32:56,655 [INFO]   Page 159/856: 40 members (total: 6360)
2026-02-11 13:32:59,720 [INFO]   Page 160/856: 40 members (total: 6400)
2026-02-11 13:33:02,836 [INFO]   Page 161/856: 40 members (total: 6440)
2026-02-11 13:33:06,015 [INFO]   Page 162/856: 40 members (total: 6480)
2026-02-11 13:33:09,112 [INFO]   Page 163/856: 40 members (total: 6520)
2026-02-11 13:33:12,573 [INFO]   Page 164/856: 40 members (total: 6560)
2026-02-11 13:33:15,402 [INFO]   Page 165/856: 40 members (total: 6600)
2026-02-11 13:33:18,872 [INFO]   Page 166/856: 40 members (total: 6640)
2026-02-11 13:33:21,990 [INFO]   Page 167/856: 40 members (total: 6680)
2026-02-11 13:33:24,867 [INFO]   Page 168/856: 40 members (total: 6720)
2026-02-11 13:33:27,610 [INFO]   Page 169/856: 40 members (total: 6760)
2026-02-11 13:33:30,504 [INFO]   Page 170/856: 40 members (total: 6800)
2026-02-11 13:33:33,173 [INFO]   Page 171/856: 40 members (total: 6840)
2026-02-11 13:33:36,662 [INFO]   Page 172/856: 40 members (total: 6880)
2026-02-11 13:33:39,433 [INFO]   Page 173/856: 40 members (total: 6920)
2026-02-11 13:33:42,718 [INFO]   Page 174/856: 40 members (total: 6960)
2026-02-11 13:33:46,970 [INFO]   Page 175/856: 40 members (total: 7000)
2026-02-11 13:33:50,060 [INFO]   Page 176/856: 40 members (total: 7040)
2026-02-11 13:33:53,337 [INFO]   Page 177/856: 40 members (total: 7080)
2026-02-11 13:33:56,172 [INFO]   Page 178/856: 40 members (total: 7120)
2026-02-11 13:33:58,937 [INFO]   Page 179/856: 40 members (total: 7160)
2026-02-11 13:34:01,894 [INFO]   Page 180/856: 40 members (total: 7200)
2026-02-11 13:34:05,094 [INFO]   Page 181/856: 40 members (total: 7240)
2026-02-11 13:34:08,129 [INFO]   Page 182/856: 40 members (total: 7280)
2026-02-11 13:34:11,351 [INFO]   Page 183/856: 40 members (total: 7320)
2026-02-11 13:34:13,982 [INFO]   Page 184/856: 40 members (total: 7360)
2026-02-11 13:34:16,908 [INFO]   Page 185/856: 40 members (total: 7400)
2026-02-11 13:34:19,673 [INFO]   Page 186/856: 40 members (total: 7440)
2026-02-11 13:34:22,516 [INFO]   Page 187/856: 40 members (total: 7480)
2026-02-11 13:34:25,606 [INFO]   Page 188/856: 40 members (total: 7520)
2026-02-11 13:34:28,578 [INFO]   Page 189/856: 40 members (total: 7560)
2026-02-11 13:34:31,461 [INFO]   Page 190/856: 40 members (total: 7600)
2026-02-11 13:34:34,072 [INFO]   Page 191/856: 40 members (total: 7640)
2026-02-11 13:34:37,010 [INFO]   Page 192/856: 40 members (total: 7680)
2026-02-11 13:34:39,801 [INFO]   Page 193/856: 40 members (total: 7720)
2026-02-11 13:34:42,637 [INFO]   Page 194/856: 40 members (total: 7760)
2026-02-11 13:34:45,805 [INFO]   Page 195/856: 40 members (total: 7800)
2026-02-11 13:34:49,178 [INFO]   Page 196/856: 40 members (total: 7840)
2026-02-11 13:34:52,214 [INFO]   Page 197/856: 40 members (total: 7880)
2026-02-11 13:34:55,220 [INFO]   Page 198/856: 40 members (total: 7920)
2026-02-11 13:34:58,322 [INFO]   Page 199/856: 40 members (total: 7960)
2026-02-11 13:35:01,382 [INFO] Saved C:\xampp\htdocs\temple\scraper\downloads\members_partial.json (7960 records)
2026-02-11 13:35:01,445 [INFO]   Page 200/856: 40 members (total: 8000)
2026-02-11 13:35:04,521 [INFO]   Page 201/856: 40 members (total: 8040)
2026-02-11 13:35:07,176 [INFO]   Page 202/856: 40 members (total: 8080)
2026-02-11 13:35:09,958 [INFO]   Page 203/856: 40 members (total: 8120)
2026-02-11 13:35:12,886 [INFO]   Page 204/856: 40 members (total: 8160)
2026-02-11 13:35:15,815 [INFO]   Page 205/856: 40 members (total: 8200)
2026-02-11 13:35:18,691 [INFO]   Page 206/856: 40 members (total: 8240)
2026-02-11 13:35:21,375 [INFO]   Page 207/856: 40 members (total: 8280)
2026-02-11 13:35:24,017 [INFO]   Page 208/856: 40 members (total: 8320)
2026-02-11 13:35:27,022 [INFO]   Page 209/856: 40 members (total: 8360)
2026-02-11 13:35:30,060 [INFO]   Page 210/856: 40 members (total: 8400)
2026-02-11 13:35:32,724 [INFO]   Page 211/856: 40 members (total: 8440)
2026-02-11 13:35:35,681 [INFO]   Page 212/856: 40 members (total: 8480)
2026-02-11 13:35:38,424 [INFO]   Page 213/856: 40 members (total: 8520)
2026-02-11 13:35:41,024 [INFO]   Page 214/856: 40 members (total: 8560)
2026-02-11 13:35:43,902 [INFO]   Page 215/856: 40 members (total: 8600)
2026-02-11 13:35:46,639 [INFO]   Page 216/856: 40 members (total: 8640)
2026-02-11 13:35:49,687 [INFO]   Page 217/856: 40 members (total: 8680)
2026-02-11 13:35:52,503 [INFO]   Page 218/856: 40 members (total: 8720)
2026-02-11 13:35:56,389 [INFO]   Page 219/856: 40 members (total: 8760)
2026-02-11 13:35:59,271 [INFO]   Page 220/856: 40 members (total: 8800)
2026-02-11 13:36:02,431 [INFO]   Page 221/856: 40 members (total: 8840)
2026-02-11 13:36:05,030 [INFO]   Page 222/856: 40 members (total: 8880)
2026-02-11 13:36:07,806 [INFO]   Page 223/856: 40 members (total: 8920)
2026-02-11 13:36:10,454 [INFO]   Page 224/856: 40 members (total: 8960)
2026-02-11 13:36:13,133 [INFO]   Page 225/856: 40 members (total: 9000)
2026-02-11 13:36:15,829 [INFO]   Page 226/856: 40 members (total: 9040)
2026-02-11 13:36:18,839 [INFO]   Page 227/856: 40 members (total: 9080)
2026-02-11 13:36:21,625 [INFO]   Page 228/856: 40 members (total: 9120)
2026-02-11 13:36:24,385 [INFO]   Page 229/856: 40 members (total: 9160)
2026-02-11 13:36:27,139 [INFO]   Page 230/856: 40 members (total: 9200)
2026-02-11 13:36:30,034 [INFO]   Page 231/856: 40 members (total: 9240)
2026-02-11 13:36:32,806 [INFO]   Page 232/856: 40 members (total: 9280)
2026-02-11 13:36:35,956 [INFO]   Page 233/856: 40 members (total: 9320)
2026-02-11 13:36:38,804 [INFO]   Page 234/856: 40 members (total: 9360)
2026-02-11 13:36:41,679 [INFO]   Page 235/856: 40 members (total: 9400)
2026-02-11 13:36:44,678 [INFO]   Page 236/856: 40 members (total: 9440)
2026-02-11 13:36:47,481 [INFO]   Page 237/856: 40 members (total: 9480)
2026-02-11 13:36:50,404 [INFO]   Page 238/856: 40 members (total: 9520)
2026-02-11 13:36:53,324 [INFO]   Page 239/856: 40 members (total: 9560)
2026-02-11 13:36:56,348 [INFO]   Page 240/856: 40 members (total: 9600)
2026-02-11 13:36:59,131 [INFO]   Page 241/856: 40 members (total: 9640)
2026-02-11 13:37:02,569 [INFO]   Page 242/856: 40 members (total: 9680)
2026-02-11 13:37:05,228 [INFO]   Page 243/856: 40 members (total: 9720)
2026-02-11 13:37:08,203 [INFO]   Page 244/856: 40 members (total: 9760)
2026-02-11 13:37:11,389 [INFO]   Page 245/856: 40 members (total: 9800)
2026-02-11 13:37:15,132 [INFO]   Page 246/856: 40 members (total: 9840)
2026-02-11 13:37:17,698 [INFO]   Page 247/856: 40 members (total: 9880)
2026-02-11 13:37:20,483 [INFO]   Page 248/856: 40 members (total: 9920)
2026-02-11 13:37:23,271 [INFO]   Page 249/856: 40 members (total: 9960)
2026-02-11 13:37:26,406 [INFO] Saved C:\xampp\htdocs\temple\scraper\downloads\members_partial.json (9960 records)
2026-02-11 13:37:26,484 [INFO]   Page 250/856: 40 members (total: 10000)
2026-02-11 13:37:29,635 [INFO]   Page 251/856: 40 members (total: 10040)
2026-02-11 13:37:33,019 [INFO]   Page 252/856: 40 members (total: 10080)
2026-02-11 13:37:35,778 [INFO]   Page 253/856: 40 members (total: 10120)
2026-02-11 13:37:38,835 [INFO]   Page 254/856: 40 members (total: 10160)
2026-02-11 13:37:41,513 [INFO]   Page 255/856: 40 members (total: 10200)
2026-02-11 13:37:45,529 [INFO]   Page 256/856: 40 members (total: 10240)
2026-02-11 13:37:48,367 [INFO]   Page 257/856: 40 members (total: 10280)
2026-02-11 13:37:51,042 [INFO]   Page 258/856: 40 members (total: 10320)
2026-02-11 13:37:53,732 [INFO]   Page 259/856: 40 members (total: 10360)
2026-02-11 13:37:56,322 [INFO]   Page 260/856: 40 members (total: 10400)
2026-02-11 13:37:59,130 [INFO]   Page 261/856: 40 members (total: 10440)
2026-02-11 13:38:02,345 [INFO]   Page 262/856: 40 members (total: 10480)
2026-02-11 13:38:04,932 [INFO]   Page 263/856: 40 members (total: 10520)
2026-02-11 13:38:07,769 [INFO]   Page 264/856: 40 members (total: 10560)
2026-02-11 13:38:10,628 [INFO]   Page 265/856: 40 members (total: 10600)
2026-02-11 13:38:13,399 [INFO]   Page 266/856: 40 members (total: 10640)
2026-02-11 13:38:16,361 [INFO]   Page 267/856: 40 members (total: 10680)
2026-02-11 13:38:19,036 [INFO]   Page 268/856: 40 members (total: 10720)
2026-02-11 13:38:22,001 [INFO]   Page 269/856: 40 members (total: 10760)
2026-02-11 13:38:24,768 [INFO]   Page 270/856: 40 members (total: 10800)
2026-02-11 13:38:27,644 [INFO]   Page 271/856: 40 members (total: 10840)
2026-02-11 13:38:30,321 [INFO]   Page 272/856: 40 members (total: 10880)
2026-02-11 13:38:33,284 [INFO]   Page 273/856: 40 members (total: 10920)
2026-02-11 13:38:35,964 [INFO]   Page 274/856: 40 members (total: 10960)
2026-02-11 13:38:38,887 [INFO]   Page 275/856: 40 members (total: 11000)
2026-02-11 13:38:41,684 [INFO]   Page 276/856: 40 members (total: 11040)
2026-02-11 13:38:44,284 [INFO]   Page 277/856: 40 members (total: 11080)
2026-02-11 13:38:46,951 [INFO]   Page 278/856: 40 members (total: 11120)
2026-02-11 13:38:50,075 [INFO]   Page 279/856: 40 members (total: 11160)
2026-02-11 13:38:53,236 [INFO]   Page 280/856: 40 members (total: 11200)
2026-02-11 13:38:56,351 [INFO]   Page 281/856: 40 members (total: 11240)
2026-02-11 13:38:59,000 [INFO]   Page 282/856: 40 members (total: 11280)
2026-02-11 13:39:01,648 [INFO]   Page 283/856: 40 members (total: 11320)
2026-02-11 13:39:04,570 [INFO]   Page 284/856: 40 members (total: 11360)
2026-02-11 13:39:07,293 [INFO]   Page 285/856: 40 members (total: 11400)
2026-02-11 13:39:10,386 [INFO]   Page 286/856: 40 members (total: 11440)
2026-02-11 13:39:13,343 [INFO]   Page 287/856: 40 members (total: 11480)
2026-02-11 13:39:16,532 [INFO]   Page 288/856: 40 members (total: 11520)
2026-02-11 13:39:19,298 [INFO]   Page 289/856: 40 members (total: 11560)
2026-02-11 13:39:22,308 [INFO]   Page 290/856: 40 members (total: 11600)
2026-02-11 13:39:25,175 [INFO]   Page 291/856: 40 members (total: 11640)
2026-02-11 13:39:28,194 [INFO]   Page 292/856: 40 members (total: 11680)
2026-02-11 13:39:30,889 [INFO]   Page 293/856: 40 members (total: 11720)
2026-02-11 13:39:33,588 [INFO]   Page 294/856: 40 members (total: 11760)
2026-02-11 13:39:36,528 [INFO]   Page 295/856: 40 members (total: 11800)
2026-02-11 13:39:39,282 [INFO]   Page 296/856: 40 members (total: 11840)
2026-02-11 13:39:42,221 [INFO]   Page 297/856: 40 members (total: 11880)
2026-02-11 13:39:45,278 [INFO]   Page 298/856: 40 members (total: 11920)
2026-02-11 13:39:48,054 [INFO]   Page 299/856: 40 members (total: 11960)
2026-02-11 13:39:51,097 [INFO] Saved C:\xampp\htdocs\temple\scraper\downloads\members_partial.json (11960 records)
2026-02-11 13:39:51,158 [INFO]   Page 300/856: 40 members (total: 12000)
2026-02-11 13:39:54,447 [INFO]   Page 301/856: 40 members (total: 12040)
2026-02-11 13:39:57,571 [INFO]   Page 302/856: 40 members (total: 12080)
2026-02-11 13:40:00,570 [INFO]   Page 303/856: 40 members (total: 12120)
2026-02-11 13:40:03,703 [INFO]   Page 304/856: 40 members (total: 12160)
2026-02-11 13:40:06,932 [INFO]   Page 305/856: 40 members (total: 12200)
2026-02-11 13:40:10,598 [INFO]   Page 306/856: 40 members (total: 12240)
2026-02-11 13:40:13,806 [INFO]   Page 307/856: 40 members (total: 12280)
2026-02-11 13:40:16,845 [INFO]   Page 308/856: 40 members (total: 12320)
2026-02-11 13:40:19,894 [INFO]   Page 309/856: 40 members (total: 12360)
2026-02-11 13:40:24,097 [INFO]   Page 310/856: 40 members (total: 12400)
2026-02-11 13:40:27,004 [INFO]   Page 311/856: 40 members (total: 12440)
2026-02-11 13:40:30,085 [INFO]   Page 312/856: 40 members (total: 12480)
2026-02-11 13:40:33,818 [INFO]   Page 313/856: 40 members (total: 12520)
2026-02-11 13:40:36,712 [INFO]   Page 314/856: 40 members (total: 12560)
2026-02-11 13:40:40,112 [INFO]   Page 315/856: 40 members (total: 12600)
2026-02-11 13:40:43,317 [INFO]   Page 316/856: 40 members (total: 12640)
2026-02-11 13:40:48,775 [INFO]   Page 317/856: 40 members (total: 12680)
2026-02-11 13:40:52,216 [INFO]   Page 318/856: 40 members (total: 12720)
2026-02-11 13:40:55,075 [INFO]   Page 319/856: 40 members (total: 12760)
2026-02-11 13:40:58,123 [INFO]   Page 320/856: 40 members (total: 12800)
2026-02-11 13:41:01,115 [INFO]   Page 321/856: 40 members (total: 12840)
2026-02-11 13:41:04,436 [INFO]   Page 322/856: 40 members (total: 12880)
2026-02-11 13:41:07,642 [INFO]   Page 323/856: 40 members (total: 12920)
2026-02-11 13:41:10,799 [INFO]   Page 324/856: 40 members (total: 12960)
2026-02-11 13:41:14,048 [INFO]   Page 325/856: 40 members (total: 13000)
2026-02-11 13:41:17,588 [INFO]   Page 326/856: 40 members (total: 13040)
2026-02-11 13:41:20,616 [INFO]   Page 327/856: 40 members (total: 13080)
2026-02-11 13:41:23,667 [INFO]   Page 328/856: 40 members (total: 13120)
2026-02-11 13:41:27,421 [INFO]   Page 329/856: 40 members (total: 13160)
2026-02-11 13:41:30,461 [INFO]   Page 330/856: 40 members (total: 13200)
2026-02-11 13:41:33,422 [INFO]   Page 331/856: 40 members (total: 13240)
2026-02-11 13:41:36,354 [INFO]   Page 332/856: 40 members (total: 13280)
2026-02-11 13:41:39,737 [INFO]   Page 333/856: 40 members (total: 13320)
2026-02-11 13:41:42,659 [INFO]   Page 334/856: 40 members (total: 13360)
2026-02-11 13:41:45,737 [INFO]   Page 335/856: 40 members (total: 13400)
2026-02-11 13:41:48,940 [INFO]   Page 336/856: 40 members (total: 13440)
2026-02-11 13:41:51,848 [INFO]   Page 337/856: 40 members (total: 13480)
2026-02-11 13:41:54,939 [INFO]   Page 338/856: 40 members (total: 13520)
2026-02-11 13:41:57,906 [INFO]   Page 339/856: 40 members (total: 13560)
2026-02-11 13:42:00,721 [INFO]   Page 340/856: 40 members (total: 13600)
2026-02-11 13:42:03,550 [INFO]   Page 341/856: 40 members (total: 13640)
2026-02-11 13:42:06,693 [INFO]   Page 342/856: 40 members (total: 13680)
2026-02-11 13:42:09,717 [INFO]   Page 343/856: 40 members (total: 13720)
2026-02-11 13:42:12,616 [INFO]   Page 344/856: 40 members (total: 13760)
2026-02-11 13:42:15,389 [INFO]   Page 345/856: 40 members (total: 13800)
2026-02-11 13:42:18,710 [INFO]   Page 346/856: 40 members (total: 13840)
2026-02-11 13:42:21,639 [INFO]   Page 347/856: 40 members (total: 13880)
2026-02-11 13:42:24,881 [INFO]   Page 348/856: 40 members (total: 13920)
2026-02-11 13:42:27,861 [INFO]   Page 349/856: 40 members (total: 13960)
2026-02-11 13:42:30,625 [INFO] Saved C:\xampp\htdocs\temple\scraper\downloads\members_partial.json (13960 records)
2026-02-11 13:42:30,686 [INFO]   Page 350/856: 40 members (total: 14000)
2026-02-11 13:42:33,493 [INFO]   Page 351/856: 40 members (total: 14040)
2026-02-11 13:42:36,407 [INFO]   Page 352/856: 40 members (total: 14080)
2026-02-11 13:42:39,108 [INFO]   Page 353/856: 40 members (total: 14120)
2026-02-11 13:42:41,821 [INFO]   Page 354/856: 40 members (total: 14160)
2026-02-11 13:42:45,211 [INFO]   Page 355/856: 40 members (total: 14200)
2026-02-11 13:42:47,985 [INFO]   Page 356/856: 40 members (total: 14240)
2026-02-11 13:42:51,632 [INFO]   Page 357/856: 40 members (total: 14280)
2026-02-11 13:42:55,237 [INFO]   Page 358/856: 40 members (total: 14320)
2026-02-11 13:42:58,253 [INFO]   Page 359/856: 40 members (total: 14360)
2026-02-11 13:43:01,365 [INFO]   Page 360/856: 40 members (total: 14400)
2026-02-11 13:43:05,830 [INFO]   Page 361/856: 40 members (total: 14440)
2026-02-11 13:43:08,732 [INFO]   Page 362/856: 40 members (total: 14480)
2026-02-11 13:43:11,477 [INFO]   Page 363/856: 40 members (total: 14520)
2026-02-11 13:43:14,031 [INFO]   Page 364/856: 40 members (total: 14560)
2026-02-11 13:43:16,606 [INFO]   Page 365/856: 40 members (total: 14600)
2026-02-11 13:43:19,655 [INFO]   Page 366/856: 40 members (total: 14640)
2026-02-11 13:43:22,267 [INFO]   Page 367/856: 40 members (total: 14680)
2026-02-11 13:43:25,864 [INFO]   Page 368/856: 40 members (total: 14720)
2026-02-11 13:43:28,936 [INFO]   Page 369/856: 40 members (total: 14760)
2026-02-11 13:43:31,660 [INFO]   Page 370/856: 40 members (total: 14800)
2026-02-11 13:43:34,394 [INFO]   Page 371/856: 40 members (total: 14840)
2026-02-11 13:43:36,950 [INFO]   Page 372/856: 40 members (total: 14880)
2026-02-11 13:43:39,844 [INFO]   Page 373/856: 40 members (total: 14920)
2026-02-11 13:43:43,120 [INFO]   Page 374/856: 40 members (total: 14960)
2026-02-11 13:43:46,040 [INFO]   Page 375/856: 40 members (total: 15000)
2026-02-11 13:43:48,824 [INFO]   Page 376/856: 40 members (total: 15040)
2026-02-11 13:43:52,826 [INFO]   Page 377/856: 40 members (total: 15080)
2026-02-11 13:43:55,777 [INFO]   Page 378/856: 40 members (total: 15120)
2026-02-11 13:43:58,500 [INFO]   Page 379/856: 40 members (total: 15160)
2026-02-11 13:44:01,222 [INFO]   Page 380/856: 40 members (total: 15200)
2026-02-11 13:44:04,132 [INFO]   Page 381/856: 40 members (total: 15240)
2026-02-11 13:44:07,010 [INFO]   Page 382/856: 40 members (total: 15280)
2026-02-11 13:44:10,289 [INFO]   Page 383/856: 40 members (total: 15320)
2026-02-11 13:44:13,521 [INFO]   Page 384/856: 40 members (total: 15360)
2026-02-11 13:44:16,545 [INFO]   Page 385/856: 40 members (total: 15400)
2026-02-11 13:44:19,240 [INFO]   Page 386/856: 40 members (total: 15440)
2026-02-11 13:44:22,391 [INFO]   Page 387/856: 40 members (total: 15480)
2026-02-11 13:44:25,232 [INFO]   Page 388/856: 40 members (total: 15520)
2026-02-11 13:44:27,865 [INFO]   Page 389/856: 40 members (total: 15560)
2026-02-11 13:44:30,538 [INFO]   Page 390/856: 40 members (total: 15600)
2026-02-11 13:44:33,502 [INFO]   Page 391/856: 40 members (total: 15640)
2026-02-11 13:44:36,177 [INFO]   Page 392/856: 40 members (total: 15680)
2026-02-11 13:44:39,765 [INFO]   Page 393/856: 40 members (total: 15720)
2026-02-11 13:44:44,068 [INFO]   Page 394/856: 40 members (total: 15760)
2026-02-11 13:44:46,961 [INFO]   Page 395/856: 40 members (total: 15800)
2026-02-11 13:44:50,601 [INFO]   Page 396/856: 40 members (total: 15840)
2026-02-11 13:44:53,510 [INFO]   Page 397/856: 40 members (total: 15880)
2026-02-11 13:44:56,852 [INFO]   Page 398/856: 40 members (total: 15920)
2026-02-11 13:44:59,821 [INFO]   Page 399/856: 40 members (total: 15960)
2026-02-11 13:45:03,077 [INFO] Saved C:\xampp\htdocs\temple\scraper\downloads\members_partial.json (15960 records)
2026-02-11 13:45:03,137 [INFO]   Page 400/856: 40 members (total: 16000)
2026-02-11 13:45:06,183 [INFO]   Page 401/856: 40 members (total: 16040)
2026-02-11 13:45:09,155 [INFO]   Page 402/856: 40 members (total: 16080)
2026-02-11 13:45:11,954 [INFO]   Page 403/856: 40 members (total: 16120)
2026-02-11 13:45:14,933 [INFO]   Page 404/856: 40 members (total: 16160)
2026-02-11 13:45:17,683 [INFO]   Page 405/856: 40 members (total: 16200)
2026-02-11 13:45:20,276 [INFO]   Page 406/856: 40 members (total: 16240)
2026-02-11 13:45:23,074 [INFO]   Page 407/856: 40 members (total: 16280)
2026-02-11 13:45:25,836 [INFO]   Page 408/856: 40 members (total: 16320)
2026-02-11 13:45:28,847 [INFO]   Page 409/856: 40 members (total: 16360)
2026-02-11 13:45:31,522 [INFO]   Page 410/856: 40 members (total: 16400)
2026-02-11 13:45:34,110 [INFO]   Page 411/856: 40 members (total: 16440)
2026-02-11 13:45:37,055 [INFO]   Page 412/856: 40 members (total: 16480)
2026-02-11 13:45:39,716 [INFO]   Page 413/856: 40 members (total: 16520)
2026-02-11 13:45:42,695 [INFO]   Page 414/856: 40 members (total: 16560)
2026-02-11 13:45:45,383 [INFO]   Page 415/856: 40 members (total: 16600)
2026-02-11 13:45:48,304 [INFO]   Page 416/856: 40 members (total: 16640)
2026-02-11 13:45:51,226 [INFO]   Page 417/856: 40 members (total: 16680)
2026-02-11 13:45:53,989 [INFO]   Page 418/856: 40 members (total: 16720)
2026-02-11 13:45:56,841 [INFO]   Page 419/856: 40 members (total: 16760)
2026-02-11 13:45:59,980 [INFO]   Page 420/856: 40 members (total: 16800)
2026-02-11 13:46:03,047 [INFO]   Page 421/856: 40 members (total: 16840)
2026-02-11 13:46:05,746 [INFO]   Page 422/856: 40 members (total: 16880)
2026-02-11 13:46:08,310 [INFO]   Page 423/856: 40 members (total: 16920)
2026-02-11 13:46:11,037 [INFO]   Page 424/856: 40 members (total: 16960)
2026-02-11 13:46:13,880 [INFO]   Page 425/856: 40 members (total: 17000)
2026-02-11 13:46:16,418 [INFO]   Page 426/856: 40 members (total: 17040)
2026-02-11 13:46:19,148 [INFO]   Page 427/856: 40 members (total: 17080)
2026-02-11 13:46:21,700 [INFO]   Page 428/856: 40 members (total: 17120)
2026-02-11 13:46:24,632 [INFO]   Page 429/856: 40 members (total: 17160)
2026-02-11 13:46:27,170 [INFO]   Page 430/856: 40 members (total: 17200)
2026-02-11 13:46:29,884 [INFO]   Page 431/856: 40 members (total: 17240)
2026-02-11 13:46:32,520 [INFO]   Page 432/856: 40 members (total: 17280)
2026-02-11 13:46:35,430 [INFO]   Page 433/856: 40 members (total: 17320)
2026-02-11 13:46:38,091 [INFO]   Page 434/856: 40 members (total: 17360)
2026-02-11 13:46:40,827 [INFO]   Page 435/856: 40 members (total: 17400)
2026-02-11 13:46:44,040 [INFO]   Page 436/856: 40 members (total: 17440)
2026-02-11 13:46:46,759 [INFO]   Page 437/856: 40 members (total: 17480)
2026-02-11 13:46:49,359 [INFO]   Page 438/856: 40 members (total: 17520)
2026-02-11 13:46:52,401 [INFO]   Page 439/856: 40 members (total: 17560)
2026-02-11 13:46:55,169 [INFO]   Page 440/856: 40 members (total: 17600)
2026-02-11 13:46:57,925 [INFO]   Page 441/856: 40 members (total: 17640)
2026-02-11 13:47:00,503 [INFO]   Page 442/856: 40 members (total: 17680)
2026-02-11 13:47:03,900 [INFO]   Page 443/856: 40 members (total: 17720)
2026-02-11 13:47:06,688 [INFO]   Page 444/856: 40 members (total: 17760)
2026-02-11 13:47:09,260 [INFO]   Page 445/856: 40 members (total: 17800)
2026-02-11 13:47:12,080 [INFO]   Page 446/856: 40 members (total: 17840)
2026-02-11 13:47:14,962 [INFO]   Page 447/856: 40 members (total: 17880)
2026-02-11 13:47:17,932 [INFO]   Page 448/856: 40 members (total: 17920)
2026-02-11 13:47:20,525 [INFO]   Page 449/856: 40 members (total: 17960)
2026-02-11 13:47:23,809 [INFO] Saved C:\xampp\htdocs\temple\scraper\downloads\members_partial.json (17960 records)
2026-02-11 13:47:23,869 [INFO]   Page 450/856: 40 members (total: 18000)
2026-02-11 13:47:26,515 [INFO]   Page 451/856: 40 members (total: 18040)
2026-02-11 13:47:29,310 [INFO]   Page 452/856: 40 members (total: 18080)
2026-02-11 13:47:32,235 [INFO]   Page 453/856: 40 members (total: 18120)
2026-02-11 13:47:35,400 [INFO]   Page 454/856: 40 members (total: 18160)
2026-02-11 13:47:38,193 [INFO]   Page 455/856: 40 members (total: 18200)
2026-02-11 13:47:41,501 [INFO]   Page 456/856: 40 members (total: 18240)
2026-02-11 13:47:44,285 [INFO]   Page 457/856: 40 members (total: 18280)
2026-02-11 13:47:47,075 [INFO]   Page 458/856: 40 members (total: 18320)
2026-02-11 13:47:49,977 [INFO]   Page 459/856: 40 members (total: 18360)
2026-02-11 13:47:52,560 [INFO]   Page 460/856: 40 members (total: 18400)
2026-02-11 13:47:55,287 [INFO]   Page 461/856: 40 members (total: 18440)
2026-02-11 13:47:58,266 [INFO]   Page 462/856: 40 members (total: 18480)
2026-02-11 13:48:01,213 [INFO]   Page 463/856: 40 members (total: 18520)
2026-02-11 13:48:04,341 [INFO]   Page 464/856: 40 members (total: 18560)
2026-02-11 13:48:07,334 [INFO]   Page 465/856: 40 members (total: 18600)
2026-02-11 13:48:10,273 [INFO]   Page 466/856: 40 members (total: 18640)
2026-02-11 13:48:13,369 [INFO]   Page 467/856: 40 members (total: 18680)
2026-02-11 13:48:16,303 [INFO]   Page 468/856: 40 members (total: 18720)
2026-02-11 13:48:19,291 [INFO]   Page 469/856: 40 members (total: 18760)
2026-02-11 13:48:22,209 [INFO]   Page 470/856: 40 members (total: 18800)
2026-02-11 13:48:25,108 [INFO]   Page 471/856: 40 members (total: 18840)
2026-02-11 13:48:27,781 [INFO]   Page 472/856: 40 members (total: 18880)
2026-02-11 13:48:30,514 [INFO]   Page 473/856: 40 members (total: 18920)
2026-02-11 13:48:33,327 [INFO]   Page 474/856: 40 members (total: 18960)
2026-02-11 13:48:36,226 [INFO]   Page 475/856: 40 members (total: 19000)
2026-02-11 13:48:39,356 [INFO]   Page 476/856: 40 members (total: 19040)
2026-02-11 13:48:42,015 [INFO]   Page 477/856: 40 members (total: 19080)
2026-02-11 13:48:44,835 [INFO]   Page 478/856: 40 members (total: 19120)
2026-02-11 13:48:47,628 [INFO]   Page 479/856: 40 members (total: 19160)
2026-02-11 13:48:51,279 [INFO]   Page 480/856: 40 members (total: 19200)
2026-02-11 13:48:54,548 [INFO]   Page 481/856: 40 members (total: 19240)
2026-02-11 13:48:57,520 [INFO]   Page 482/856: 40 members (total: 19280)
2026-02-11 13:49:00,147 [INFO]   Page 483/856: 40 members (total: 19320)
2026-02-11 13:49:03,105 [INFO]   Page 484/856: 40 members (total: 19360)
2026-02-11 13:49:05,861 [INFO]   Page 485/856: 40 members (total: 19400)
2026-02-11 13:49:08,842 [INFO]   Page 486/856: 40 members (total: 19440)
2026-02-11 13:49:11,929 [INFO]   Page 487/856: 40 members (total: 19480)
2026-02-11 13:49:14,629 [INFO]   Page 488/856: 40 members (total: 19520)
2026-02-11 13:49:18,020 [INFO]   Page 489/856: 40 members (total: 19560)
2026-02-11 13:49:20,942 [INFO]   Page 490/856: 40 members (total: 19600)
2026-02-11 13:49:24,624 [INFO]   Page 491/856: 40 members (total: 19640)
2026-02-11 13:49:27,897 [INFO]   Page 492/856: 40 members (total: 19680)
2026-02-11 13:49:30,872 [INFO]   Page 493/856: 40 members (total: 19720)
2026-02-11 13:49:33,903 [INFO]   Page 494/856: 40 members (total: 19760)
2026-02-11 13:49:37,146 [INFO]   Page 495/856: 40 members (total: 19800)
2026-02-11 13:49:39,692 [INFO]   Page 496/856: 40 members (total: 19840)
2026-02-11 13:49:42,544 [INFO]   Page 497/856: 40 members (total: 19880)
2026-02-11 13:49:45,583 [INFO]   Page 498/856: 40 members (total: 19920)
2026-02-11 13:49:48,689 [INFO]   Page 499/856: 40 members (total: 19960)
2026-02-11 13:49:51,883 [INFO] Saved C:\xampp\htdocs\temple\scraper\downloads\members_partial.json (19960 records)
2026-02-11 13:49:51,943 [INFO]   Page 500/856: 40 members (total: 20000)
2026-02-11 13:49:55,535 [INFO]   Page 501/856: 40 members (total: 20040)
2026-02-11 13:49:58,373 [INFO]   Page 502/856: 40 members (total: 20080)
2026-02-11 13:50:01,042 [INFO]   Page 503/856: 40 members (total: 20120)
2026-02-11 13:50:04,388 [INFO]   Page 504/856: 40 members (total: 20160)
2026-02-11 13:50:07,401 [INFO]   Page 505/856: 40 members (total: 20200)
2026-02-11 13:50:10,387 [INFO]   Page 506/856: 40 members (total: 20240)
2026-02-11 13:50:13,656 [INFO]   Page 507/856: 40 members (total: 20280)
2026-02-11 13:50:16,647 [INFO]   Page 508/856: 40 members (total: 20320)
2026-02-11 13:50:19,407 [INFO]   Page 509/856: 40 members (total: 20360)
2026-02-11 13:50:22,370 [INFO]   Page 510/856: 40 members (total: 20400)
2026-02-11 13:50:25,521 [INFO]   Page 511/856: 40 members (total: 20440)
2026-02-11 13:50:28,522 [INFO]   Page 512/856: 40 members (total: 20480)
2026-02-11 13:50:31,534 [INFO]   Page 513/856: 40 members (total: 20520)
2026-02-11 13:50:34,140 [INFO]   Page 514/856: 40 members (total: 20560)
2026-02-11 13:50:37,044 [INFO]   Page 515/856: 40 members (total: 20600)
2026-02-11 13:50:39,773 [INFO]   Page 516/856: 40 members (total: 20640)
2026-02-11 13:50:42,415 [INFO]   Page 517/856: 40 members (total: 20680)
2026-02-11 13:50:45,056 [INFO]   Page 518/856: 40 members (total: 20720)
2026-02-11 13:50:47,609 [INFO]   Page 519/856: 40 members (total: 20760)
2026-02-11 13:50:50,908 [INFO]   Page 520/856: 40 members (total: 20800)
2026-02-11 13:50:53,770 [INFO]   Page 521/856: 40 members (total: 20840)
2026-02-11 13:50:56,412 [INFO]   Page 522/856: 40 members (total: 20880)
2026-02-11 13:50:59,899 [INFO]   Page 523/856: 40 members (total: 20920)
2026-02-11 13:51:02,828 [INFO]   Page 524/856: 40 members (total: 20960)
2026-02-11 13:51:05,546 [INFO]   Page 525/856: 40 members (total: 21000)
2026-02-11 13:51:08,464 [INFO]   Page 526/856: 40 members (total: 21040)
2026-02-11 13:51:11,448 [INFO]   Page 527/856: 40 members (total: 21080)
2026-02-11 13:51:14,241 [INFO]   Page 528/856: 40 members (total: 21120)
2026-02-11 13:51:17,235 [INFO]   Page 529/856: 40 members (total: 21160)
2026-02-11 13:51:19,994 [INFO]   Page 530/856: 40 members (total: 21200)
2026-02-11 13:51:23,196 [INFO]   Page 531/856: 40 members (total: 21240)
2026-02-11 13:51:26,071 [INFO]   Page 532/856: 40 members (total: 21280)
2026-02-11 13:51:28,758 [INFO]   Page 533/856: 40 members (total: 21320)
2026-02-11 13:51:32,128 [INFO]   Page 534/856: 40 members (total: 21360)
2026-02-11 13:51:35,031 [INFO]   Page 535/856: 40 members (total: 21400)
2026-02-11 13:51:38,538 [INFO]   Page 536/856: 40 members (total: 21440)
2026-02-11 13:51:41,261 [INFO]   Page 537/856: 40 members (total: 21480)
2026-02-11 13:51:44,728 [INFO]   Page 538/856: 40 members (total: 21520)
2026-02-11 13:51:47,577 [INFO]   Page 539/856: 40 members (total: 21560)
2026-02-11 13:51:50,296 [INFO]   Page 540/856: 40 members (total: 21600)
2026-02-11 13:51:53,013 [INFO]   Page 541/856: 40 members (total: 21640)
2026-02-11 13:51:56,116 [INFO]   Page 542/856: 40 members (total: 21680)
2026-02-11 13:51:59,200 [INFO]   Page 543/856: 40 members (total: 21720)
2026-02-11 13:52:02,283 [INFO]   Page 544/856: 40 members (total: 21760)
2026-02-11 13:52:05,114 [INFO]   Page 545/856: 40 members (total: 21800)
2026-02-11 13:52:08,234 [INFO]   Page 546/856: 40 members (total: 21840)
2026-02-11 13:52:11,594 [INFO]   Page 547/856: 40 members (total: 21880)
2026-02-11 13:52:14,659 [INFO]   Page 548/856: 40 members (total: 21920)
2026-02-11 13:52:17,281 [INFO]   Page 549/856: 40 members (total: 21960)
2026-02-11 13:52:20,555 [INFO] Saved C:\xampp\htdocs\temple\scraper\downloads\members_partial.json (21960 records)
2026-02-11 13:52:20,614 [INFO]   Page 550/856: 40 members (total: 22000)
2026-02-11 13:52:23,775 [INFO]   Page 551/856: 40 members (total: 22040)
2026-02-11 13:52:26,631 [INFO]   Page 552/856: 40 members (total: 22080)
2026-02-11 13:52:29,235 [INFO]   Page 553/856: 40 members (total: 22120)
2026-02-11 13:52:33,019 [INFO]   Page 554/856: 40 members (total: 22160)
2026-02-11 13:52:35,719 [INFO]   Page 555/856: 40 members (total: 22200)
2026-02-11 13:52:38,626 [INFO]   Page 556/856: 40 members (total: 22240)
2026-02-11 13:52:41,411 [INFO]   Page 557/856: 40 members (total: 22280)
2026-02-11 13:52:44,861 [INFO]   Page 558/856: 40 members (total: 22320)
2026-02-11 13:52:47,642 [INFO]   Page 559/856: 40 members (total: 22360)
2026-02-11 13:52:50,262 [INFO]   Page 560/856: 40 members (total: 22400)
2026-02-11 13:52:52,849 [INFO]   Page 561/856: 40 members (total: 22440)
2026-02-11 13:52:55,887 [INFO]   Page 562/856: 40 members (total: 22480)
2026-02-11 13:52:59,052 [INFO]   Page 563/856: 40 members (total: 22520)
2026-02-11 13:53:01,845 [INFO]   Page 564/856: 40 members (total: 22560)
2026-02-11 13:53:04,509 [INFO]   Page 565/856: 40 members (total: 22600)
2026-02-11 13:53:07,332 [INFO]   Page 566/856: 40 members (total: 22640)
2026-02-11 13:53:10,463 [INFO]   Page 567/856: 40 members (total: 22680)
2026-02-11 13:53:13,195 [INFO]   Page 568/856: 40 members (total: 22720)
2026-02-11 13:53:16,310 [INFO]   Page 569/856: 40 members (total: 22760)
2026-02-11 13:53:19,422 [INFO]   Page 570/856: 40 members (total: 22800)
2026-02-11 13:53:22,093 [INFO]   Page 571/856: 40 members (total: 22840)
2026-02-11 13:53:24,693 [INFO]   Page 572/856: 40 members (total: 22880)
2026-02-11 13:53:27,774 [INFO]   Page 573/856: 40 members (total: 22920)
2026-02-11 13:53:30,886 [INFO]   Page 574/856: 40 members (total: 22960)
2026-02-11 13:53:33,613 [INFO]   Page 575/856: 40 members (total: 23000)
2026-02-11 13:53:36,541 [INFO]   Page 576/856: 40 members (total: 23040)
2026-02-11 13:53:40,159 [INFO]   Page 577/856: 40 members (total: 23080)
2026-02-11 13:53:42,983 [INFO]   Page 578/856: 40 members (total: 23120)
2026-02-11 13:53:45,898 [INFO]   Page 579/856: 40 members (total: 23160)
2026-02-11 13:53:48,555 [INFO]   Page 580/856: 40 members (total: 23200)
2026-02-11 13:53:51,376 [INFO]   Page 581/856: 40 members (total: 23240)
2026-02-11 13:53:54,259 [INFO]   Page 582/856: 40 members (total: 23280)
2026-02-11 13:53:56,917 [INFO]   Page 583/856: 40 members (total: 23320)
2026-02-11 13:53:59,621 [INFO]   Page 584/856: 40 members (total: 23360)
2026-02-11 13:54:02,779 [INFO]   Page 585/856: 40 members (total: 23400)
2026-02-11 13:54:05,581 [INFO]   Page 586/856: 40 members (total: 23440)
2026-02-11 13:54:08,331 [INFO]   Page 587/856: 40 members (total: 23480)
2026-02-11 13:54:11,311 [INFO]   Page 588/856: 40 members (total: 23520)
2026-02-11 13:54:14,249 [INFO]   Page 589/856: 40 members (total: 23560)
2026-02-11 13:54:17,368 [INFO]   Page 590/856: 40 members (total: 23600)
2026-02-11 13:54:20,057 [INFO]   Page 591/856: 40 members (total: 23640)
2026-02-11 13:54:23,171 [INFO]   Page 592/856: 40 members (total: 23680)
2026-02-11 13:54:25,966 [INFO]   Page 593/856: 40 members (total: 23720)
2026-02-11 13:54:28,753 [INFO]   Page 594/856: 40 members (total: 23760)
2026-02-11 13:54:31,727 [INFO]   Page 595/856: 40 members (total: 23800)
2026-02-11 13:54:35,059 [INFO]   Page 596/856: 40 members (total: 23840)
2026-02-11 13:54:37,957 [INFO]   Page 597/856: 40 members (total: 23880)
2026-02-11 13:54:41,009 [INFO]   Page 598/856: 40 members (total: 23920)
2026-02-11 13:54:43,933 [INFO]   Page 599/856: 40 members (total: 23960)
2026-02-11 13:54:47,945 [INFO] Saved C:\xampp\htdocs\temple\scraper\downloads\members_partial.json (23960 records)
2026-02-11 13:54:48,004 [INFO]   Page 600/856: 40 members (total: 24000)
2026-02-11 13:54:51,092 [INFO]   Page 601/856: 40 members (total: 24040)
2026-02-11 13:54:54,831 [INFO]   Page 602/856: 40 members (total: 24080)
2026-02-11 13:54:57,497 [INFO]   Page 603/856: 40 members (total: 24120)
2026-02-11 13:55:00,254 [INFO]   Page 604/856: 40 members (total: 24160)
2026-02-11 13:55:04,216 [INFO]   Page 605/856: 40 members (total: 24200)
2026-02-11 13:55:07,432 [INFO]   Page 606/856: 40 members (total: 24240)
2026-02-11 13:55:10,125 [INFO]   Page 607/856: 40 members (total: 24280)
2026-02-11 13:55:13,888 [INFO]   Page 608/856: 40 members (total: 24320)
2026-02-11 13:55:16,723 [INFO]   Page 609/856: 40 members (total: 24360)
2026-02-11 13:55:19,631 [INFO]   Page 610/856: 40 members (total: 24400)
2026-02-11 13:55:23,510 [INFO]   Page 611/856: 40 members (total: 24440)
2026-02-11 13:55:26,698 [INFO]   Page 612/856: 40 members (total: 24480)
2026-02-11 13:55:29,478 [INFO]   Page 613/856: 40 members (total: 24520)
2026-02-11 13:55:32,310 [INFO]   Page 614/856: 40 members (total: 24560)
2026-02-11 13:55:35,597 [INFO]   Page 615/856: 40 members (total: 24600)
2026-02-11 13:55:38,621 [INFO]   Page 616/856: 40 members (total: 24640)
2026-02-11 13:55:41,328 [INFO]   Page 617/856: 40 members (total: 24680)
2026-02-11 13:55:44,114 [INFO]   Page 618/856: 40 members (total: 24720)
2026-02-11 13:55:47,144 [INFO]   Page 619/856: 40 members (total: 24760)
2026-02-11 13:55:50,092 [INFO]   Page 620/856: 40 members (total: 24800)
2026-02-11 13:55:54,073 [INFO]   Page 621/856: 40 members (total: 24840)
2026-02-11 13:55:56,926 [INFO]   Page 622/856: 40 members (total: 24880)
2026-02-11 13:55:59,688 [INFO]   Page 623/856: 40 members (total: 24920)
2026-02-11 13:56:02,475 [INFO]   Page 624/856: 40 members (total: 24960)
2026-02-11 13:56:05,204 [INFO]   Page 625/856: 40 members (total: 25000)
2026-02-11 13:56:07,959 [INFO]   Page 626/856: 40 members (total: 25040)
2026-02-11 13:56:10,597 [INFO]   Page 627/856: 40 members (total: 25080)
2026-02-11 13:56:13,364 [INFO]   Page 628/856: 40 members (total: 25120)
2026-02-11 13:56:16,676 [INFO]   Page 629/856: 40 members (total: 25160)
2026-02-11 13:56:20,001 [INFO]   Page 630/856: 40 members (total: 25200)
2026-02-11 13:56:22,817 [INFO]   Page 631/856: 40 members (total: 25240)
2026-02-11 13:56:25,788 [INFO]   Page 632/856: 40 members (total: 25280)
2026-02-11 13:56:28,495 [INFO]   Page 633/856: 40 members (total: 25320)
2026-02-11 13:56:31,730 [INFO]   Page 634/856: 40 members (total: 25360)
2026-02-11 13:56:35,027 [INFO]   Page 635/856: 40 members (total: 25400)
2026-02-11 13:56:37,863 [INFO]   Page 636/856: 40 members (total: 25440)
2026-02-11 13:56:41,696 [INFO]   Page 637/856: 40 members (total: 25480)
2026-02-11 13:56:45,859 [INFO]   Page 638/856: 40 members (total: 25520)
2026-02-11 13:56:49,307 [INFO]   Page 639/856: 40 members (total: 25560)
2026-02-11 13:56:52,549 [INFO]   Page 640/856: 40 members (total: 25600)
2026-02-11 13:56:56,856 [INFO]   Page 641/856: 40 members (total: 25640)
2026-02-11 13:56:59,927 [INFO]   Page 642/856: 40 members (total: 25680)
2026-02-11 13:57:03,914 [INFO]   Page 643/856: 40 members (total: 25720)
2026-02-11 13:57:07,244 [INFO]   Page 644/856: 40 members (total: 25760)
2026-02-11 13:57:10,220 [INFO]   Page 645/856: 40 members (total: 25800)
2026-02-11 13:57:13,522 [INFO]   Page 646/856: 40 members (total: 25840)
2026-02-11 13:57:17,155 [INFO]   Page 647/856: 40 members (total: 25880)
2026-02-11 13:57:20,631 [INFO]   Page 648/856: 40 members (total: 25920)
2026-02-11 13:57:23,747 [INFO]   Page 649/856: 40 members (total: 25960)
2026-02-11 13:57:28,335 [INFO] Saved C:\xampp\htdocs\temple\scraper\downloads\members_partial.json (25960 records)
2026-02-11 13:57:28,394 [INFO]   Page 650/856: 40 members (total: 26000)
2026-02-11 13:57:31,246 [INFO]   Page 651/856: 40 members (total: 26040)
2026-02-11 13:57:34,038 [INFO]   Page 652/856: 40 members (total: 26080)
2026-02-11 13:57:36,921 [INFO]   Page 653/856: 40 members (total: 26120)
2026-02-11 13:57:40,755 [INFO]   Page 654/856: 40 members (total: 26160)
2026-02-11 13:57:43,547 [INFO]   Page 655/856: 40 members (total: 26200)
2026-02-11 13:57:46,194 [INFO]   Page 656/856: 40 members (total: 26240)
2026-02-11 13:57:50,056 [INFO]   Page 657/856: 40 members (total: 26280)
2026-02-11 13:57:52,878 [INFO]   Page 658/856: 40 members (total: 26320)
2026-02-11 13:57:55,545 [INFO]   Page 659/856: 40 members (total: 26360)
2026-02-11 13:57:58,850 [INFO]   Page 660/856: 40 members (total: 26400)
2026-02-11 13:58:01,518 [INFO]   Page 661/856: 40 members (total: 26440)
2026-02-11 13:58:04,865 [INFO]   Page 662/856: 40 members (total: 26480)
2026-02-11 13:58:07,669 [INFO]   Page 663/856: 40 members (total: 26520)
2026-02-11 13:58:10,637 [INFO]   Page 664/856: 40 members (total: 26560)
2026-02-11 13:58:13,993 [INFO]   Page 665/856: 40 members (total: 26600)
2026-02-11 13:58:17,502 [INFO]   Page 666/856: 40 members (total: 26640)
2026-02-11 13:58:20,684 [INFO]   Page 667/856: 40 members (total: 26680)
2026-02-11 13:58:24,590 [INFO]   Page 668/856: 40 members (total: 26720)
2026-02-11 13:58:27,680 [INFO]   Page 669/856: 40 members (total: 26760)
2026-02-11 13:58:30,260 [INFO]   Page 670/856: 40 members (total: 26800)
2026-02-11 13:58:33,048 [INFO]   Page 671/856: 40 members (total: 26840)
2026-02-11 13:58:35,806 [INFO]   Page 672/856: 40 members (total: 26880)
2026-02-11 13:58:38,832 [INFO]   Page 673/856: 40 members (total: 26920)
2026-02-11 13:58:41,522 [INFO]   Page 674/856: 40 members (total: 26960)
2026-02-11 13:58:44,247 [INFO]   Page 675/856: 40 members (total: 27000)
2026-02-11 13:58:46,998 [INFO]   Page 676/856: 40 members (total: 27040)
2026-02-11 13:58:49,664 [INFO]   Page 677/856: 40 members (total: 27080)
2026-02-11 13:58:52,365 [INFO]   Page 678/856: 40 members (total: 27120)
2026-02-11 13:58:55,234 [INFO]   Page 679/856: 40 members (total: 27160)
2026-02-11 13:58:58,249 [INFO]   Page 680/856: 40 members (total: 27200)
2026-02-11 13:59:00,930 [INFO]   Page 681/856: 40 members (total: 27240)
2026-02-11 13:59:03,947 [INFO]   Page 682/856: 40 members (total: 27280)
2026-02-11 13:59:07,154 [INFO]   Page 683/856: 40 members (total: 27320)
2026-02-11 13:59:10,381 [INFO]   Page 684/856: 40 members (total: 27360)
2026-02-11 13:59:13,073 [INFO]   Page 685/856: 40 members (total: 27400)
2026-02-11 13:59:16,611 [INFO]   Page 686/856: 40 members (total: 27440)
2026-02-11 13:59:20,591 [INFO]   Page 687/856: 40 members (total: 27480)
2026-02-11 13:59:23,663 [INFO]   Page 688/856: 40 members (total: 27520)
2026-02-11 13:59:26,526 [INFO]   Page 689/856: 40 members (total: 27560)
2026-02-11 13:59:29,298 [INFO]   Page 690/856: 40 members (total: 27600)
2026-02-11 13:59:32,117 [INFO]   Page 691/856: 40 members (total: 27640)
2026-02-11 13:59:35,055 [INFO]   Page 692/856: 40 members (total: 27680)
2026-02-11 13:59:37,911 [INFO]   Page 693/856: 40 members (total: 27720)
2026-02-11 13:59:40,543 [INFO]   Page 694/856: 40 members (total: 27760)
2026-02-11 13:59:43,125 [INFO]   Page 695/856: 40 members (total: 27800)
2026-02-11 13:59:45,810 [INFO]   Page 696/856: 40 members (total: 27840)
2026-02-11 13:59:48,782 [INFO]   Page 697/856: 40 members (total: 27880)
2026-02-11 13:59:51,491 [INFO]   Page 698/856: 40 members (total: 27920)
2026-02-11 13:59:54,378 [INFO]   Page 699/856: 40 members (total: 27960)
2026-02-11 13:59:57,330 [INFO] Saved C:\xampp\htdocs\temple\scraper\downloads\members_partial.json (27960 records)
2026-02-11 13:59:57,389 [INFO]   Page 700/856: 40 members (total: 28000)
2026-02-11 14:00:00,089 [INFO]   Page 701/856: 40 members (total: 28040)
2026-02-11 14:00:03,287 [INFO]   Page 702/856: 40 members (total: 28080)
2026-02-11 14:00:06,288 [INFO]   Page 703/856: 40 members (total: 28120)
2026-02-11 14:00:08,930 [INFO]   Page 704/856: 40 members (total: 28160)
2026-02-11 14:00:11,712 [INFO]   Page 705/856: 40 members (total: 28200)
2026-02-11 14:00:14,955 [INFO]   Page 706/856: 40 members (total: 28240)
2026-02-11 14:00:18,502 [INFO]   Page 707/856: 40 members (total: 28280)
2026-02-11 14:00:21,381 [INFO]   Page 708/856: 40 members (total: 28320)
2026-02-11 14:00:25,395 [INFO]   Page 709/856: 40 members (total: 28360)
2026-02-11 14:00:28,610 [INFO]   Page 710/856: 40 members (total: 28400)
2026-02-11 14:00:31,631 [INFO]   Page 711/856: 40 members (total: 28440)
2026-02-11 14:00:34,874 [INFO]   Page 712/856: 40 members (total: 28480)
2026-02-11 14:00:38,011 [INFO]   Page 713/856: 40 members (total: 28520)
2026-02-11 14:00:40,878 [INFO]   Page 714/856: 40 members (total: 28560)
2026-02-11 14:00:44,161 [INFO]   Page 715/856: 40 members (total: 28600)
2026-02-11 14:00:47,089 [INFO]   Page 716/856: 40 members (total: 28640)
2026-02-11 14:00:50,262 [INFO]   Page 717/856: 40 members (total: 28680)
2026-02-11 14:00:53,023 [INFO]   Page 718/856: 40 members (total: 28720)
2026-02-11 14:00:55,579 [INFO]   Page 719/856: 40 members (total: 28760)
2026-02-11 14:00:58,832 [INFO]   Page 720/856: 40 members (total: 28800)
2026-02-11 14:01:01,483 [INFO]   Page 721/856: 40 members (total: 28840)
2026-02-11 14:01:04,547 [INFO]   Page 722/856: 40 members (total: 28880)
2026-02-11 14:01:07,207 [INFO]   Page 723/856: 40 members (total: 28920)
2026-02-11 14:01:09,827 [INFO]   Page 724/856: 40 members (total: 28960)
2026-02-11 14:01:12,523 [INFO]   Page 725/856: 40 members (total: 29000)
2026-02-11 14:01:15,255 [INFO]   Page 726/856: 40 members (total: 29040)
2026-02-11 14:01:17,956 [INFO]   Page 727/856: 40 members (total: 29080)
2026-02-11 14:01:20,715 [INFO]   Page 728/856: 40 members (total: 29120)
2026-02-11 14:01:23,442 [INFO]   Page 729/856: 40 members (total: 29160)
2026-02-11 14:01:26,606 [INFO]   Page 730/856: 40 members (total: 29200)
2026-02-11 14:01:29,474 [INFO]   Page 731/856: 40 members (total: 29240)
2026-02-11 14:01:32,206 [INFO]   Page 732/856: 40 members (total: 29280)
2026-02-11 14:01:35,054 [INFO]   Page 733/856: 40 members (total: 29320)
2026-02-11 14:01:37,942 [INFO]   Page 734/856: 40 members (total: 29360)
2026-02-11 14:01:40,912 [INFO]   Page 735/856: 40 members (total: 29400)
2026-02-11 14:01:43,855 [INFO]   Page 736/856: 40 members (total: 29440)
2026-02-11 14:01:46,463 [INFO]   Page 737/856: 40 members (total: 29480)
2026-02-11 14:01:49,396 [INFO]   Page 738/856: 40 members (total: 29520)
2026-02-11 14:01:52,150 [INFO]   Page 739/856: 40 members (total: 29560)
2026-02-11 14:01:54,975 [INFO]   Page 740/856: 40 members (total: 29600)
2026-02-11 14:01:57,901 [INFO]   Page 741/856: 40 members (total: 29640)
2026-02-11 14:02:01,118 [INFO]   Page 742/856: 40 members (total: 29680)
2026-02-11 14:02:04,217 [INFO]   Page 743/856: 40 members (total: 29720)
2026-02-11 14:02:06,892 [INFO]   Page 744/856: 40 members (total: 29760)
2026-02-11 14:02:09,512 [INFO]   Page 745/856: 40 members (total: 29800)
2026-02-11 14:02:12,584 [INFO]   Page 746/856: 40 members (total: 29840)
2026-02-11 14:02:15,407 [INFO]   Page 747/856: 40 members (total: 29880)
2026-02-11 14:02:18,228 [INFO]   Page 748/856: 40 members (total: 29920)
2026-02-11 14:02:20,924 [INFO]   Page 749/856: 40 members (total: 29960)
2026-02-11 14:02:24,703 [INFO] Saved C:\xampp\htdocs\temple\scraper\downloads\members_partial.json (29960 records)
2026-02-11 14:02:24,763 [INFO]   Page 750/856: 40 members (total: 30000)
2026-02-11 14:02:27,701 [INFO]   Page 751/856: 40 members (total: 30040)
2026-02-11 14:02:30,432 [INFO]   Page 752/856: 40 members (total: 30080)
2026-02-11 14:02:33,131 [INFO]   Page 753/856: 40 members (total: 30120)
2026-02-11 14:02:35,999 [INFO]   Page 754/856: 40 members (total: 30160)
2026-02-11 14:02:38,645 [INFO]   Page 755/856: 40 members (total: 30200)
2026-02-11 14:02:41,833 [INFO]   Page 756/856: 40 members (total: 30240)
2026-02-11 14:02:44,943 [INFO]   Page 757/856: 40 members (total: 30280)
2026-02-11 14:02:48,131 [INFO]   Page 758/856: 40 members (total: 30320)
2026-02-11 14:02:50,984 [INFO]   Page 759/856: 40 members (total: 30360)
2026-02-11 14:02:54,173 [INFO]   Page 760/856: 40 members (total: 30400)
2026-02-11 14:02:57,258 [INFO]   Page 761/856: 40 members (total: 30440)
2026-02-11 14:02:59,993 [INFO]   Page 762/856: 40 members (total: 30480)
2026-02-11 14:03:02,659 [INFO]   Page 763/856: 40 members (total: 30520)
2026-02-11 14:03:06,182 [INFO]   Page 764/856: 40 members (total: 30560)
2026-02-11 14:03:09,014 [INFO]   Page 765/856: 40 members (total: 30600)
2026-02-11 14:03:11,957 [INFO]   Page 766/856: 40 members (total: 30640)
2026-02-11 14:03:14,721 [INFO]   Page 767/856: 40 members (total: 30680)
2026-02-11 14:03:17,773 [INFO]   Page 768/856: 40 members (total: 30720)
2026-02-11 14:03:20,748 [INFO]   Page 769/856: 40 members (total: 30760)
2026-02-11 14:03:24,287 [INFO]   Page 770/856: 40 members (total: 30800)
2026-02-11 14:03:27,530 [INFO]   Page 771/856: 40 members (total: 30840)
2026-02-11 14:03:30,612 [INFO]   Page 772/856: 40 members (total: 30880)
2026-02-11 14:03:33,615 [INFO]   Page 773/856: 40 members (total: 30920)
2026-02-11 14:03:36,676 [INFO]   Page 774/856: 40 members (total: 30960)
2026-02-11 14:03:39,888 [INFO]   Page 775/856: 40 members (total: 31000)
2026-02-11 14:03:42,789 [INFO]   Page 776/856: 40 members (total: 31040)
2026-02-11 14:03:45,518 [INFO]   Page 777/856: 40 members (total: 31080)
2026-02-11 14:03:48,369 [INFO]   Page 778/856: 40 members (total: 31120)
2026-02-11 14:03:51,172 [INFO]   Page 779/856: 40 members (total: 31160)
2026-02-11 14:03:54,190 [INFO]   Page 780/856: 40 members (total: 31200)
2026-02-11 14:03:56,963 [INFO]   Page 781/856: 40 members (total: 31240)
2026-02-11 14:03:59,629 [INFO]   Page 782/856: 40 members (total: 31280)
2026-02-11 14:04:02,387 [INFO]   Page 783/856: 40 members (total: 31320)
2026-02-11 14:04:05,592 [INFO]   Page 784/856: 40 members (total: 31360)
2026-02-11 14:04:08,441 [INFO]   Page 785/856: 40 members (total: 31400)
2026-02-11 14:04:11,362 [INFO]   Page 786/856: 40 members (total: 31440)
2026-02-11 14:04:14,359 [INFO]   Page 787/856: 40 members (total: 31480)
2026-02-11 14:04:18,199 [INFO]   Page 788/856: 40 members (total: 31520)
2026-02-11 14:04:21,852 [INFO]   Page 789/856: 40 members (total: 31560)
2026-02-11 14:04:25,023 [INFO]   Page 790/856: 40 members (total: 31600)
2026-02-11 14:04:28,065 [INFO]   Page 791/856: 40 members (total: 31640)
2026-02-11 14:04:30,738 [INFO]   Page 792/856: 40 members (total: 31680)
2026-02-11 14:04:33,674 [INFO]   Page 793/856: 40 members (total: 31720)
2026-02-11 14:04:37,244 [INFO]   Page 794/856: 40 members (total: 31760)
2026-02-11 14:04:40,454 [INFO]   Page 795/856: 40 members (total: 31800)
2026-02-11 14:04:43,149 [INFO]   Page 796/856: 40 members (total: 31840)
2026-02-11 14:04:46,139 [INFO]   Page 797/856: 40 members (total: 31880)
2026-02-11 14:04:49,003 [INFO]   Page 798/856: 40 members (total: 31920)
2026-02-11 14:04:52,371 [INFO]   Page 799/856: 40 members (total: 31960)
2026-02-11 14:04:55,554 [INFO] Saved C:\xampp\htdocs\temple\scraper\downloads\members_partial.json (31960 records)
2026-02-11 14:04:55,612 [INFO]   Page 800/856: 40 members (total: 32000)
2026-02-11 14:04:58,574 [INFO]   Page 801/856: 40 members (total: 32040)
2026-02-11 14:05:01,632 [INFO]   Page 802/856: 40 members (total: 32080)
2026-02-11 14:05:04,881 [INFO]   Page 803/856: 40 members (total: 32120)
2026-02-11 14:05:07,548 [INFO]   Page 804/856: 40 members (total: 32160)
2026-02-11 14:05:10,400 [INFO]   Page 805/856: 40 members (total: 32200)
2026-02-11 14:05:13,125 [INFO]   Page 806/856: 40 members (total: 32240)
2026-02-11 14:05:16,215 [INFO]   Page 807/856: 40 members (total: 32280)
2026-02-11 14:05:19,219 [INFO]   Page 808/856: 40 members (total: 32320)
2026-02-11 14:05:22,037 [INFO]   Page 809/856: 40 members (total: 32360)
2026-02-11 14:05:25,200 [INFO]   Page 810/856: 40 members (total: 32400)
2026-02-11 14:05:28,065 [INFO]   Page 811/856: 40 members (total: 32440)
2026-02-11 14:05:31,036 [INFO]   Page 812/856: 40 members (total: 32480)
2026-02-11 14:05:33,761 [INFO]   Page 813/856: 40 members (total: 32520)
2026-02-11 14:05:36,927 [INFO]   Page 814/856: 40 members (total: 32560)
2026-02-11 14:05:39,962 [INFO]   Page 815/856: 40 members (total: 32600)
2026-02-11 14:05:42,580 [INFO]   Page 816/856: 40 members (total: 32640)
2026-02-11 14:05:45,229 [INFO]   Page 817/856: 40 members (total: 32680)
2026-02-11 14:05:47,826 [INFO]   Page 818/856: 40 members (total: 32720)
2026-02-11 14:05:50,444 [INFO]   Page 819/856: 40 members (total: 32760)
2026-02-11 14:05:53,297 [INFO]   Page 820/856: 40 members (total: 32800)
2026-02-11 14:05:56,138 [INFO]   Page 821/856: 40 members (total: 32840)
2026-02-11 14:05:58,876 [INFO]   Page 822/856: 40 members (total: 32880)
2026-02-11 14:06:01,505 [INFO]   Page 823/856: 40 members (total: 32920)
2026-02-11 14:06:04,433 [INFO]   Page 824/856: 40 members (total: 32960)
2026-02-11 14:06:07,023 [INFO]   Page 825/856: 40 members (total: 33000)
2026-02-11 14:06:09,656 [INFO]   Page 826/856: 40 members (total: 33040)
2026-02-11 14:06:12,620 [INFO]   Page 827/856: 40 members (total: 33080)
2026-02-11 14:06:15,796 [INFO]   Page 828/856: 40 members (total: 33120)
2026-02-11 14:06:18,484 [INFO]   Page 829/856: 40 members (total: 33160)
2026-02-11 14:06:21,379 [INFO]   Page 830/856: 40 members (total: 33200)
2026-02-11 14:06:24,191 [INFO]   Page 831/856: 40 members (total: 33240)
2026-02-11 14:06:27,134 [INFO]   Page 832/856: 40 members (total: 33280)
2026-02-11 14:06:29,792 [INFO]   Page 833/856: 40 members (total: 33320)
2026-02-11 14:06:32,596 [INFO]   Page 834/856: 40 members (total: 33360)
2026-02-11 14:06:35,594 [INFO]   Page 835/856: 40 members (total: 33400)
2026-02-11 14:06:38,231 [INFO]   Page 836/856: 40 members (total: 33440)
2026-02-11 14:06:41,076 [INFO]   Page 837/856: 40 members (total: 33480)
2026-02-11 14:06:44,081 [INFO]   Page 838/856: 40 members (total: 33520)
2026-02-11 14:06:46,758 [INFO]   Page 839/856: 40 members (total: 33560)
2026-02-11 14:06:49,759 [INFO]   Page 840/856: 40 members (total: 33600)
2026-02-11 14:06:52,664 [INFO]   Page 841/856: 40 members (total: 33640)
2026-02-11 14:06:55,578 [INFO]   Page 842/856: 40 members (total: 33680)
2026-02-11 14:06:58,155 [INFO]   Page 843/856: 40 members (total: 33720)
2026-02-11 14:07:01,457 [INFO]   Page 844/856: 40 members (total: 33760)
2026-02-11 14:07:04,500 [INFO]   Page 845/856: 40 members (total: 33800)
2026-02-11 14:07:07,264 [INFO]   Page 846/856: 40 members (total: 33840)
2026-02-11 14:07:10,072 [INFO]   Page 847/856: 40 members (total: 33880)
2026-02-11 14:07:12,778 [INFO]   Page 848/856: 40 members (total: 33920)
2026-02-11 14:07:15,496 [INFO]   Page 849/856: 40 members (total: 33960)
2026-02-11 14:07:18,499 [INFO] Saved C:\xampp\htdocs\temple\scraper\downloads\members_partial.json (33960 records)
2026-02-11 14:07:18,558 [INFO]   Page 850/856: 40 members (total: 34000)
2026-02-11 14:07:21,223 [INFO]   Page 851/856: 40 members (total: 34040)
2026-02-11 14:07:23,976 [INFO]   Page 852/856: 40 members (total: 34080)
2026-02-11 14:07:26,536 [INFO]   Page 853/856: 40 members (total: 34120)
2026-02-11 14:07:29,202 [INFO]   Page 854/856: 40 members (total: 34160)
2026-02-11 14:07:31,873 [INFO]   Page 855/856: 40 members (total: 34200)
2026-02-11 14:07:34,959 [INFO]   Page 856/856: 32 members (total: 34232)
2026-02-11 14:07:35,522 [INFO] Saved C:\xampp\htdocs\temple\scraper\downloads\members.json (34232 records)
2026-02-11 14:07:35,534 [INFO] ============================================================
2026-02-11 14:07:35,534 [INFO] DOWNLOADING: All Images
2026-02-11 14:41:47,698 [WARNING] Failed to download image https://rajasthanjainsabha.in/SiteImage/IMG_20241118_204337_1.jpg: HTTPSConnectionPool(host='rajasthanjainsabha.in', port=443): Read timed out. (read timeout=15)
2026-02-11 14:42:13,764 [WARNING] Failed to download image https://rajasthanjainsabha.in/SiteImage/IMG_20241118_204333_1.jpg: HTTPSConnectionPool(host='rajasthanjainsabha.in', port=443): Max retries exceeded with url: /SiteImage/IMG_20241118_204333_1.jpg (Caused by ConnectTimeoutError(<HTTPSConnection(host='rajasthanjainsabha.in', port=443) at 0x26c9b365c40>, 'Connection to rajasthanjainsabha.in timed out. (connect timeout=15)'))
2026-02-11 14:42:28,782 [WARNING] Failed to download image https://rajasthanjainsabha.in/SiteImage/IMG_20241118_204329_1.jpg: HTTPSConnectionPool(host='rajasthanjainsabha.in', port=443): Max retries exceeded with url: /SiteImage/IMG_20241118_204329_1.jpg (Caused by ConnectTimeoutError(<HTTPSConnection(host='rajasthanjainsabha.in', port=443) at 0x26c9a668fb0>, 'Connection to rajasthanjainsabha.in timed out. (connect timeout=15)'))
2026-02-11 14:42:52,352 [WARNING] Failed to download image https://rajasthanjainsabha.in/SiteImage/IMG_20241118_204326_1.jpg: HTTPSConnectionPool(host='rajasthanjainsabha.in', port=443): Read timed out. (read timeout=15)
2026-02-11 14:43:18,436 [WARNING] Failed to download image https://rajasthanjainsabha.in/SiteImage/IMG_20241118_204323.jpg: HTTPSConnectionPool(host='rajasthanjainsabha.in', port=443): Max retries exceeded with url: /SiteImage/IMG_20241118_204323.jpg (Caused by ConnectTimeoutError(<HTTPSConnection(host='rajasthanjainsabha.in', port=443) at 0x26c9a66a300>, 'Connection to rajasthanjainsabha.in timed out. (connect timeout=15)'))
2026-02-11 14:43:33,460 [WARNING] Failed to download image https://rajasthanjainsabha.in/SiteImage/IMG_20241118_204319.jpg: HTTPSConnectionPool(host='rajasthanjainsabha.in', port=443): Max retries exceeded with url: /SiteImage/IMG_20241118_204319.jpg (Caused by ConnectTimeoutError(<HTTPSConnection(host='rajasthanjainsabha.in', port=443) at 0x26c9a66ac30>, 'Connection to rajasthanjainsabha.in timed out. (connect timeout=15)'))
2026-02-11 14:44:08,075 [WARNING] Failed to download image https://rajasthanjainsabha.in/SiteImage/IMG_20241118_204306.jpg: HTTPSConnectionPool(host='rajasthanjainsabha.in', port=443): Max retries exceeded with url: /SiteImage/IMG_20241118_204306.jpg (Caused by ConnectTimeoutError(<HTTPSConnection(host='rajasthanjainsabha.in', port=443) at 0x26c9a66b860>, 'Connection to rajasthanjainsabha.in timed out. (connect timeout=15)'))
2026-02-11 14:44:34,146 [WARNING] Failed to download image https://rajasthanjainsabha.in/SiteImage/IMG_20241118_204302_1.jpg: HTTPSConnectionPool(host='rajasthanjainsabha.in', port=443): Max retries exceeded with url: /SiteImage/IMG_20241118_204302_1.jpg (Caused by ConnectTimeoutError(<HTTPSConnection(host='rajasthanjainsabha.in', port=443) at 0x26c9b3651c0>, 'Connection to rajasthanjainsabha.in timed out. (connect timeout=15)'))
2026-02-11 14:45:00,216 [WARNING] Failed to download image https://rajasthanjainsabha.in/SiteImage/IMG_20241118_204258.jpg: HTTPSConnectionPool(host='rajasthanjainsabha.in', port=443): Max retries exceeded with url: /SiteImage/IMG_20241118_204258.jpg (Caused by ConnectTimeoutError(<HTTPSConnection(host='rajasthanjainsabha.in', port=443) at 0x26c98dde210>, 'Connection to rajasthanjainsabha.in timed out. (connect timeout=15)'))
2026-02-11 14:48:26,948 [INFO] ============================================================
2026-02-11 14:48:26,948 [INFO] Rajasthan Jain Sabha - Full Website Scraper
2026-02-11 14:48:26,948 [INFO] Output directory: C:\xampp\htdocs\temple\scraper\downloads
2026-02-11 14:48:26,948 [INFO] Delay between requests: 1.5s
2026-02-11 14:48:26,948 [INFO] ============================================================
2026-02-11 14:48:26,948 [INFO] ============================================================
2026-02-11 14:48:26,948 [INFO] DOWNLOADING: All Images
